0 info it worked if it ends with ok
1 verbose cli [ '/Users/alfisetyadi/.nvm/versions/node/v6.5.0/bin/node',
1 verbose cli   '/Users/alfisetyadi/.nvm/versions/node/v6.5.0/bin/npm',
1 verbose cli   'run',
1 verbose cli   'lint' ]
2 info using npm@3.10.3
3 info using node@v6.5.0
4 verbose run-script [ 'prelint', 'lint', 'postlint' ]
5 info lifecycle fwd-gateway@1.0.0~prelint: fwd-gateway@1.0.0
6 silly lifecycle fwd-gateway@1.0.0~prelint: no script for prelint, continuing
7 info lifecycle fwd-gateway@1.0.0~lint: fwd-gateway@1.0.0
8 verbose lifecycle fwd-gateway@1.0.0~lint: unsafe-perm in lifecycle true
9 verbose lifecycle fwd-gateway@1.0.0~lint: PATH: /Users/alfisetyadi/.nvm/versions/node/v6.5.0/lib/node_modules/npm/bin/node-gyp-bin:/Users/alfisetyadi/Projects/fwd-gateway/node_modules/.bin:/Users/alfisetyadi/.nvm/versions/node/v6.5.0/bin:/Users/alfisetyadi/Go/bin:/opt/local/bin:/opt/local/sbin:/Users/alfisetyadi/.nvm/versions/node/v6.5.0/bin:/usr/local/bin:/usr/bin:/bin:/usr/sbin:/sbin:/usr/local/go/bin:/Users/alfisetyadi/Library/Android/sdk/tools
10 verbose lifecycle fwd-gateway@1.0.0~lint: CWD: /Users/alfisetyadi/Projects/fwd-gateway
11 silly lifecycle fwd-gateway@1.0.0~lint: Args: [ '-c', 'eslint src/' ]
12 silly lifecycle fwd-gateway@1.0.0~lint: Returned: code: 1  signal: null
13 info lifecycle fwd-gateway@1.0.0~lint: Failed to exec lint script
14 verbose stack Error: fwd-gateway@1.0.0 lint: `eslint src/`
14 verbose stack Exit status 1
14 verbose stack     at EventEmitter.<anonymous> (/Users/alfisetyadi/.nvm/versions/node/v6.5.0/lib/node_modules/npm/lib/utils/lifecycle.js:242:16)
14 verbose stack     at emitTwo (events.js:106:13)
14 verbose stack     at EventEmitter.emit (events.js:191:7)
14 verbose stack     at ChildProcess.<anonymous> (/Users/alfisetyadi/.nvm/versions/node/v6.5.0/lib/node_modules/npm/lib/utils/spawn.js:40:14)
14 verbose stack     at emitTwo (events.js:106:13)
14 verbose stack     at ChildProcess.emit (events.js:191:7)
14 verbose stack     at maybeClose (internal/child_process.js:877:16)
14 verbose stack     at Process.ChildProcess._handle.onexit (internal/child_process.js:226:5)
15 verbose pkgid fwd-gateway@1.0.0
16 verbose cwd /Users/alfisetyadi/Projects/fwd-gateway
17 error Darwin 14.5.0
18 error argv "/Users/alfisetyadi/.nvm/versions/node/v6.5.0/bin/node" "/Users/alfisetyadi/.nvm/versions/node/v6.5.0/bin/npm" "run" "lint"
19 error node v6.5.0
20 error npm  v3.10.3
21 error code ELIFECYCLE
22 error fwd-gateway@1.0.0 lint: `eslint src/`
22 error Exit status 1
23 error Failed at the fwd-gateway@1.0.0 lint script 'eslint src/'.
23 error Make sure you have the latest version of node.js and npm installed.
23 error If you do, this is most likely a problem with the fwd-gateway package,
23 error not with npm itself.
23 error Tell the author that this fails on your system:
23 error     eslint src/
23 error You can get information on how to open an issue for this project with:
23 error     npm bugs fwd-gateway
23 error Or if that isn't available, you can get their info via:
23 error     npm owner ls fwd-gateway
23 error There is likely additional logging output above.
24 verbose exit [ 1, true ]
